<?xml version="1.0" encoding="UTF-8"?>
<!-- Generated by org.testng.reporters.JUnitXMLReporter -->
<testsuite ignored="0" hostname="DESKTOP-DK11ELA" failures="0" tests="4" name="Default test" time="20.755" errors="0" timestamp="2026-05-03T15:46:36 IST">
  <testcase classname="DataDrivenTesting.Using_XML_File_done_Driven" name="login" time="6.701"/>
  <testcase classname="DataDrivenTesting.Using_XML_File_done_Driven" name="login" time="2.622"/>
  <testcase classname="DataDrivenTesting.Using_XML_File_done_Driven" name="login" time="2.517"/>
  <testcase classname="DataDrivenTesting.Using_XML_File_done_Driven" name="login" time="2.49"/>
</testsuite> <!-- Default test -->
