<?xml version="1.0" encoding="UTF-8"?>
<testng-results ignored="0" total="4" passed="4" failed="0" skipped="0">
  <reporter-output>
  </reporter-output>
  <suite started-at="2026-05-03T15:46:15 IST" name="Default suite" finished-at="2026-05-03T15:46:36 IST" duration-ms="20755">
    <groups>
    </groups>
    <test started-at="2026-05-03T15:46:15 IST" name="Default test" finished-at="2026-05-03T15:46:36 IST" duration-ms="20755">
      <class name="DataDrivenTesting.Using_XML_File_done_Driven">
        <test-method is-config="true" signature="steup()[pri:0, instance:DataDrivenTesting.Using_XML_File_done_Driven@4e08711f]" started-at="2026-05-03T15:46:15 IST" name="steup" finished-at="2026-05-03T15:46:18 IST" duration-ms="3031" status="PASS">
          <reporter-output>
          </reporter-output>
        </test-method> <!-- steup -->
        <test-method signature="login(java.lang.String,java.lang.String)[pri:0, instance:DataDrivenTesting.Using_XML_File_done_Driven@4e08711f]" started-at="2026-05-03T15:46:18 IST" name="login" data-provider="singh" finished-at="2026-05-03T15:46:25 IST" duration-ms="6701" status="PASS">
          <params>
            <param index="0">
              <value>
                <![CDATA[9878368383]]>
              </value>
            </param>
            <param index="1">
              <value>
                <![CDATA[Khelo@123]]>
              </value>
            </param>
          </params>
          <reporter-output>
          </reporter-output>
        </test-method> <!-- login -->
        <test-method signature="login(java.lang.String,java.lang.String)[pri:0, instance:DataDrivenTesting.Using_XML_File_done_Driven@4e08711f]" started-at="2026-05-03T15:46:25 IST" name="login" data-provider="singh" finished-at="2026-05-03T15:46:27 IST" duration-ms="2622" status="PASS">
          <params>
            <param index="0">
              <value>
                <![CDATA[9878368385]]>
              </value>
            </param>
            <param index="1">
              <value>
                <![CDATA[Khelo@123]]>
              </value>
            </param>
          </params>
          <reporter-output>
          </reporter-output>
        </test-method> <!-- login -->
        <test-method signature="login(java.lang.String,java.lang.String)[pri:0, instance:DataDrivenTesting.Using_XML_File_done_Driven@4e08711f]" started-at="2026-05-03T15:46:27 IST" name="login" data-provider="singh" finished-at="2026-05-03T15:46:30 IST" duration-ms="2517" status="PASS">
          <params>
            <param index="0">
              <value>
                <![CDATA[9878368384]]>
              </value>
            </param>
            <param index="1">
              <value>
                <![CDATA[Test@123]]>
              </value>
            </param>
          </params>
          <reporter-output>
          </reporter-output>
        </test-method> <!-- login -->
        <test-method signature="login(java.lang.String,java.lang.String)[pri:0, instance:DataDrivenTesting.Using_XML_File_done_Driven@4e08711f]" started-at="2026-05-03T15:46:30 IST" name="login" data-provider="singh" finished-at="2026-05-03T15:46:32 IST" duration-ms="2490" status="PASS">
          <params>
            <param index="0">
              <value>
                <![CDATA[9878368389]]>
              </value>
            </param>
            <param index="1">
              <value>
                <![CDATA[Test@123]]>
              </value>
            </param>
          </params>
          <reporter-output>
          </reporter-output>
        </test-method> <!-- login -->
        <test-method is-config="true" signature="logout()[pri:0, instance:DataDrivenTesting.Using_XML_File_done_Driven@4e08711f]" started-at="2026-05-03T15:46:32 IST" name="logout" finished-at="2026-05-03T15:46:36 IST" duration-ms="3315" status="PASS">
          <reporter-output>
          </reporter-output>
        </test-method> <!-- logout -->
      </class> <!-- DataDrivenTesting.Using_XML_File_done_Driven -->
    </test> <!-- Default test -->
  </suite> <!-- Default suite -->
</testng-results>
