<?xml version="1.0" encoding="UTF-8"?>
<!-- Generated by org.testng.reporters.JUnitReportReporter -->
<testsuite hostname="DESKTOP-DK11ELA" failures="0" tests="2" name="TestNg_forAfterClass.Class_AfterSuiteC3" time="0.010" errors="0" timestamp="2026-04-07T12:40:23 IST" skipped="0">
  <testcase classname="TestNg_forAfterClass.Class_AfterSuiteC3" name="kmn" time="0.004"/>
  <testcase classname="TestNg_forAfterClass.Class_AfterSuiteC3" name="kmn" time="0.006"/>
</testsuite> <!-- TestNg_forAfterClass.Class_AfterSuiteC3 -->
