<?xml version="1.0" encoding="UTF-8"?>
<!-- Generated by org.testng.reporters.JUnitReportReporter -->
<testsuite hostname="DESKTOP-DK11ELA" failures="0" tests="4" name="TestNg.DependencyMethod" time="5.020" errors="0" timestamp="2026-04-11T14:14:09 IST" skipped="0">
  <testcase classname="TestNg.DependencyMethod" name="OpenApp" time="4.030"/>
  <testcase classname="TestNg.DependencyMethod" name="loginapp" time="0.984"/>
  <testcase classname="TestNg.DependencyMethod" name="searcapp" time="0.004"/>
  <testcase classname="TestNg.DependencyMethod" name="logout" time="0.002"/>
</testsuite> <!-- TestNg.DependencyMethod -->
