<?xml version="1.0" encoding="UTF-8"?>
<!-- Generated by org.testng.reporters.JUnitReportReporter -->
<testsuite hostname="DESKTOP-DK11ELA" failures="0" tests="2" name="TestNg.AnnotationAfterClassMethod" time="0.014" errors="0" timestamp="2026-04-03T15:03:07 IST" skipped="0">
  <testcase classname="TestNg.AnnotationAfterClassMethod" name="search" time="0.009"/>
  <testcase classname="TestNg.AnnotationAfterClassMethod" name="AdvenceSearch" time="0.005"/>
</testsuite> <!-- TestNg.AnnotationAfterClassMethod -->
