<?xml version="1.0" encoding="UTF-8"?>
<!-- Generated by org.testng.reporters.JUnitReportReporter -->
<testsuite hostname="DESKTOP-DK11ELA" failures="0" tests="4" name="DataDrivenTesting.Using_XML_File_done_Driven" time="14.330" errors="0" timestamp="2026-05-03T15:46:36 IST" skipped="0">
  <testcase classname="DataDrivenTesting.Using_XML_File_done_Driven" name="login" time="2.622"/>
  <testcase classname="DataDrivenTesting.Using_XML_File_done_Driven" name="login" time="2.517"/>
  <testcase classname="DataDrivenTesting.Using_XML_File_done_Driven" name="login" time="2.490"/>
  <testcase classname="DataDrivenTesting.Using_XML_File_done_Driven" name="login" time="6.701"/>
</testsuite> <!-- DataDrivenTesting.Using_XML_File_done_Driven -->
