<?xml version="1.0" encoding="UTF-8"?>
<!-- Generated by org.testng.reporters.JUnitReportReporter -->
<testsuite hostname="DESKTOP-DK11ELA" failures="0" tests="3" name="TestNg.SignupTests" time="0.024" errors="0" timestamp="2026-04-11T15:14:33 IST" skipped="0">
  <testcase classname="TestNg.SignupTests" name="signupbyEmail" time="0.015"/>
  <testcase classname="TestNg.SignupTests" name="SignupbyTwitter" time="0.005"/>
  <testcase classname="TestNg.SignupTests" name="SignupbyFacebook" time="0.004"/>
</testsuite> <!-- TestNg.SignupTests -->
