<?xml version="1.0" encoding="UTF-8"?>
<!-- Generated by org.testng.reporters.JUnitReportReporter -->
<testsuite hostname="DESKTOP-DK11ELA" failures="0" tests="4" name="TestNg.OrngHRM" time="49.521" errors="0" timestamp="2026-04-02T14:23:35 IST" skipped="0">
  <testcase classname="TestNg.OrngHRM" name="openApp" time="44.918"/>
  <testcase classname="TestNg.OrngHRM" name="testLogo" time="4.048"/>
  <testcase classname="TestNg.OrngHRM" name="LoginApp" time="0.212"/>
  <testcase classname="TestNg.OrngHRM" name="Logout" time="0.343"/>
</testsuite> <!-- TestNg.OrngHRM -->
