<?xml version="1.0" encoding="UTF-8"?>
<!-- Generated by org.testng.reporters.JUnitReportReporter -->
<testsuite hostname="DESKTOP-DK11ELA" failures="0" tests="2" name="TestNg_forAfterClass.Class_AfterC2" time="0.005" errors="0" timestamp="2026-04-07T12:40:23 IST" skipped="0">
  <testcase classname="TestNg_forAfterClass.Class_AfterC2" name="xyz" time="0.002"/>
  <testcase classname="TestNg_forAfterClass.Class_AfterC2" name="xyz" time="0.003"/>
</testsuite> <!-- TestNg_forAfterClass.Class_AfterC2 -->
