<?xml version="1.0" encoding="UTF-8"?>
<!-- Generated by org.testng.reporters.JUnitReportReporter -->
<testsuite hostname="DESKTOP-DK11ELA" failures="0" tests="3" name="TestNg.LoginTest" time="0.017" errors="0" timestamp="2026-04-11T17:41:39 IST" skipped="0">
  <testcase classname="TestNg.LoginTest" name="loginByEmail" time="0.014"/>
  <testcase classname="TestNg.LoginTest" name="loginByFacebook" time="0.002"/>
  <testcase classname="TestNg.LoginTest" name="loginByTwitter" time="0.001"/>
</testsuite> <!-- TestNg.LoginTest -->
