<?xml version="1.0" encoding="UTF-8"?>
<!-- Generated by org.testng.reporters.JUnitXMLReporter -->
<testsuite ignored="6" hostname="DESKTOP-DK11ELA" failures="0" tests="2" name="Test" time="0.075" errors="0" timestamp="2026-04-11T17:46:40 IST">
  <testcase classname="TestNg.PaymentTests" name="PaymentInRuppes" time="0.012"/>
  <testcase classname="TestNg.PaymentTests" name="PaymentIndoller" time="0.001"/>
  <testcase classname="TestNg.LoginTest" name="loginByEmail" time="0.0">
    <ignored/>
  </testcase> <!-- loginByEmail -->
  <testcase classname="TestNg.SignupTests" name="signupbyEmail" time="0.0">
    <ignored/>
  </testcase> <!-- signupbyEmail -->
  <testcase classname="TestNg.SignupTests" name="SignupbyFacebook" time="0.0">
    <ignored/>
  </testcase> <!-- SignupbyFacebook -->
  <testcase classname="TestNg.LoginTest" name="loginByFacebook" time="0.0">
    <ignored/>
  </testcase> <!-- loginByFacebook -->
  <testcase classname="TestNg.SignupTests" name="SignupbyTwitter" time="0.0">
    <ignored/>
  </testcase> <!-- SignupbyTwitter -->
  <testcase classname="TestNg.LoginTest" name="loginByTwitter" time="0.0">
    <ignored/>
  </testcase> <!-- loginByTwitter -->
</testsuite> <!-- Test -->
