<?xml version="1.0" encoding="UTF-8"?>
<!-- Generated by org.testng.reporters.JUnitXMLReporter -->
<testsuite ignored="0" hostname="DESKTOP-DK11ELA" failures="0" tests="3" name="Test1" time="0.083" errors="0" timestamp="2026-04-07T12:40:23 IST">
  <testcase classname="TestNg_forAfterClass.Class_BeforeC1" name="abc" time="0.01"/>
  <testcase classname="TestNg_forAfterClass.Class_AfterSuiteC3" name="kmn" time="0.006"/>
  <testcase classname="TestNg_forAfterClass.Class_AfterC2" name="xyz" time="0.002"/>
</testsuite> <!-- Test1 -->
